2026-03-16 17:08:39,818 | INFO | Logger initialized
2026-03-16 17:08:39,818 | INFO | Log file: logs/train_20260316_170839.log
2026-03-16 17:08:39,818 | INFO | Starting training...
2026-03-16 17:08:39,818 | INFO | Creating model...
2026-03-16 17:08:41,929 | INFO | Model: "FBPConvNet"
2026-03-16 17:08:41,989 | INFO | ┏━━━━━━━━━━━━━━━━━━━━━┳━━━━━━━━━━━━━━━━━━━┳━━━━━━━━━━━━┳━━━━━━━━━━━━━━━━━━━┓
┃ Layer (type)        ┃ Output Shape      ┃    Param # ┃ Connected to      ┃
┡━━━━━━━━━━━━━━━━━━━━━╇━━━━━━━━━━━━━━━━━━━╇━━━━━━━━━━━━╇━━━━━━━━━━━━━━━━━━━┩
│ input_layer         │ (None, 512, 512,  │          0 │ -                 │
│ (InputLayer)        │ 1)                │            │                   │
├─────────────────────┼───────────────────┼────────────┼───────────────────┤
│ conv2d (Conv2D)     │ (None, 512, 512,  │        640 │ input_layer[0][0] │
│                     │ 64)               │            │                   │
├─────────────────────┼───────────────────┼────────────┼───────────────────┤
│ batch_normalization │ (None, 512, 512,  │        256 │ conv2d[0][0]      │
│ (BatchNormalizatio… │ 64)               │            │                   │
├─────────────────────┼───────────────────┼────────────┼───────────────────┤
│ activation          │ (None, 512, 512,  │          0 │ batch_normalizat… │
│ (Activation)        │ 64)               │            │                   │
├─────────────────────┼───────────────────┼────────────┼───────────────────┤
│ conv2d_1 (Conv2D)   │ (None, 512, 512,  │     36,928 │ activation[0][0]  │
│                     │ 64)               │            │                   │
├─────────────────────┼───────────────────┼────────────┼───────────────────┤
│ batch_normalizatio… │ (None, 512, 512,  │        256 │ conv2d_1[0][0]    │
│ (BatchNormalizatio… │ 64)               │            │                   │
├─────────────────────┼───────────────────┼────────────┼───────────────────┤
│ activation_1        │ (None, 512, 512,  │          0 │ batch_normalizat… │
│ (Activation)        │ 64)               │            │                   │
├─────────────────────┼───────────────────┼────────────┼───────────────────┤
│ conv2d_2 (Conv2D)   │ (None, 512, 512,  │     36,928 │ activation_1[0][… │
│                     │ 64)               │            │                   │
├─────────────────────┼───────────────────┼────────────┼───────────────────┤
│ batch_normalizatio… │ (None, 512, 512,  │        256 │ conv2d_2[0][0]    │
│ (BatchNormalizatio… │ 64)               │            │                   │
├─────────────────────┼───────────────────┼────────────┼───────────────────┤
│ activation_2        │ (None, 512, 512,  │          0 │ batch_normalizat… │
│ (Activation)        │ 64)               │            │                   │
├─────────────────────┼───────────────────┼────────────┼───────────────────┤
│ conv2d_3 (Conv2D)   │ (None, 512, 512,  │     36,928 │ activation_2[0][… │
│                     │ 64)               │            │                   │
├─────────────────────┼───────────────────┼────────────┼───────────────────┤
│ batch_normalizatio… │ (None, 512, 512,  │        256 │ conv2d_3[0][0]    │
│ (BatchNormalizatio… │ 64)               │            │                   │
├─────────────────────┼───────────────────┼────────────┼───────────────────┤
│ activation_3        │ (None, 512, 512,  │          0 │ batch_normalizat… │
│ (Activation)        │ 64)               │            │                   │
├─────────────────────┼───────────────────┼────────────┼───────────────────┤
│ max_pooling2d       │ (None, 256, 256,  │          0 │ activation_3[0][… │
│ (MaxPooling2D)      │ 64)               │            │                   │
├─────────────────────┼───────────────────┼────────────┼───────────────────┤
│ conv2d_4 (Conv2D)   │ (None, 256, 256,  │     73,856 │ max_pooling2d[0]… │
│                     │ 128)              │            │                   │
├─────────────────────┼───────────────────┼────────────┼───────────────────┤
│ batch_normalizatio… │ (None, 256, 256,  │        512 │ conv2d_4[0][0]    │
│ (BatchNormalizatio… │ 128)              │            │                   │
├─────────────────────┼───────────────────┼────────────┼───────────────────┤
│ activation_4        │ (None, 256, 256,  │          0 │ batch_normalizat… │
│ (Activation)        │ 128)              │            │                   │
├─────────────────────┼───────────────────┼────────────┼───────────────────┤
│ conv2d_5 (Conv2D)   │ (None, 256, 256,  │    147,584 │ activation_4[0][… │
│                     │ 128)              │            │                   │
├─────────────────────┼───────────────────┼────────────┼───────────────────┤
│ batch_normalizatio… │ (None, 256, 256,  │        512 │ conv2d_5[0][0]    │
│ (BatchNormalizatio… │ 128)              │            │                   │
├─────────────────────┼───────────────────┼────────────┼───────────────────┤
│ activation_5        │ (None, 256, 256,  │          0 │ batch_normalizat… │
│ (Activation)        │ 128)              │            │                   │
├─────────────────────┼───────────────────┼────────────┼───────────────────┤
│ max_pooling2d_1     │ (None, 128, 128,  │          0 │ activation_5[0][… │
│ (MaxPooling2D)      │ 128)              │            │                   │
├─────────────────────┼───────────────────┼────────────┼───────────────────┤
│ conv2d_6 (Conv2D)   │ (None, 128, 128,  │    295,168 │ max_pooling2d_1[… │
│                     │ 256)              │            │                   │
├─────────────────────┼───────────────────┼────────────┼───────────────────┤
│ batch_normalizatio… │ (None, 128, 128,  │      1,024 │ conv2d_6[0][0]    │
│ (BatchNormalizatio… │ 256)              │            │                   │
├─────────────────────┼───────────────────┼────────────┼───────────────────┤
│ activation_6        │ (None, 128, 128,  │          0 │ batch_normalizat… │
│ (Activation)        │ 256)              │            │                   │
├─────────────────────┼───────────────────┼────────────┼───────────────────┤
│ conv2d_7 (Conv2D)   │ (None, 128, 128,  │    590,080 │ activation_6[0][… │
│                     │ 256)              │            │                   │
├─────────────────────┼───────────────────┼────────────┼───────────────────┤
│ batch_normalizatio… │ (None, 128, 128,  │      1,024 │ conv2d_7[0][0]    │
│ (BatchNormalizatio… │ 256)              │            │                   │
├─────────────────────┼───────────────────┼────────────┼───────────────────┤
│ activation_7        │ (None, 128, 128,  │          0 │ batch_normalizat… │
│ (Activation)        │ 256)              │            │                   │
├─────────────────────┼───────────────────┼────────────┼───────────────────┤
│ max_pooling2d_2     │ (None, 64, 64,    │          0 │ activation_7[0][… │
│ (MaxPooling2D)      │ 256)              │            │                   │
├─────────────────────┼───────────────────┼────────────┼───────────────────┤
│ conv2d_8 (Conv2D)   │ (None, 64, 64,    │  1,180,160 │ max_pooling2d_2[… │
│                     │ 512)              │            │                   │
├─────────────────────┼───────────────────┼────────────┼───────────────────┤
│ batch_normalizatio… │ (None, 64, 64,    │      2,048 │ conv2d_8[0][0]    │
│ (BatchNormalizatio… │ 512)              │            │                   │
├─────────────────────┼───────────────────┼────────────┼───────────────────┤
│ activation_8        │ (None, 64, 64,    │          0 │ batch_normalizat… │
│ (Activation)        │ 512)              │            │                   │
├─────────────────────┼───────────────────┼────────────┼───────────────────┤
│ conv2d_9 (Conv2D)   │ (None, 64, 64,    │  2,359,808 │ activation_8[0][… │
│                     │ 512)              │            │                   │
├─────────────────────┼───────────────────┼────────────┼───────────────────┤
│ batch_normalizatio… │ (None, 64, 64,    │      2,048 │ conv2d_9[0][0]    │
│ (BatchNormalizatio… │ 512)              │            │                   │
├─────────────────────┼───────────────────┼────────────┼───────────────────┤
│ activation_9        │ (None, 64, 64,    │          0 │ batch_normalizat… │
│ (Activation)        │ 512)              │            │                   │
├─────────────────────┼───────────────────┼────────────┼───────────────────┤
│ max_pooling2d_3     │ (None, 32, 32,    │          0 │ activation_9[0][… │
│ (MaxPooling2D)      │ 512)              │            │                   │
├─────────────────────┼───────────────────┼────────────┼───────────────────┤
│ conv2d_10 (Conv2D)  │ (None, 32, 32,    │  4,719,616 │ max_pooling2d_3[… │
│                     │ 1024)             │            │                   │
├─────────────────────┼───────────────────┼────────────┼───────────────────┤
│ batch_normalizatio… │ (None, 32, 32,    │      4,096 │ conv2d_10[0][0]   │
│ (BatchNormalizatio… │ 1024)             │            │                   │
├─────────────────────┼───────────────────┼────────────┼───────────────────┤
│ activation_10       │ (None, 32, 32,    │          0 │ batch_normalizat… │
│ (Activation)        │ 1024)             │            │                   │
├─────────────────────┼───────────────────┼────────────┼───────────────────┤
│ conv2d_11 (Conv2D)  │ (None, 32, 32,    │  9,438,208 │ activation_10[0]… │
│                     │ 1024)             │            │                   │
├─────────────────────┼───────────────────┼────────────┼───────────────────┤
│ batch_normalizatio… │ (None, 32, 32,    │      4,096 │ conv2d_11[0][0]   │
│ (BatchNormalizatio… │ 1024)             │            │                   │
├─────────────────────┼───────────────────┼────────────┼───────────────────┤
│ activation_11       │ (None, 32, 32,    │          0 │ batch_normalizat… │
│ (Activation)        │ 1024)             │            │                   │
├─────────────────────┼───────────────────┼────────────┼───────────────────┤
│ conv2d_transpose    │ (None, 64, 64,    │  4,719,104 │ activation_11[0]… │
│ (Conv2DTranspose)   │ 512)              │            │                   │
├─────────────────────┼───────────────────┼────────────┼───────────────────┤
│ batch_normalizatio… │ (None, 64, 64,    │      2,048 │ conv2d_transpose… │
│ (BatchNormalizatio… │ 512)              │            │                   │
├─────────────────────┼───────────────────┼────────────┼───────────────────┤
│ activation_12       │ (None, 64, 64,    │          0 │ batch_normalizat… │
│ (Activation)        │ 512)              │            │                   │
├─────────────────────┼───────────────────┼────────────┼───────────────────┤
│ concatenate         │ (None, 64, 64,    │          0 │ activation_12[0]… │
│ (Concatenate)       │ 1024)             │            │ activation_9[0][… │
├─────────────────────┼───────────────────┼────────────┼───────────────────┤
│ conv2d_12 (Conv2D)  │ (None, 64, 64,    │  4,719,104 │ concatenate[0][0] │
│                     │ 512)              │            │                   │
├─────────────────────┼───────────────────┼────────────┼───────────────────┤
│ batch_normalizatio… │ (None, 64, 64,    │      2,048 │ conv2d_12[0][0]   │
│ (BatchNormalizatio… │ 512)              │            │                   │
├─────────────────────┼───────────────────┼────────────┼───────────────────┤
│ activation_13       │ (None, 64, 64,    │          0 │ batch_normalizat… │
│ (Activation)        │ 512)              │            │                   │
├─────────────────────┼───────────────────┼────────────┼───────────────────┤
│ conv2d_13 (Conv2D)  │ (None, 64, 64,    │  2,359,808 │ activation_13[0]… │
│                     │ 512)              │            │                   │
├─────────────────────┼───────────────────┼────────────┼───────────────────┤
│ batch_normalizatio… │ (None, 64, 64,    │      2,048 │ conv2d_13[0][0]   │
│ (BatchNormalizatio… │ 512)              │            │                   │
├─────────────────────┼───────────────────┼────────────┼───────────────────┤
│ activation_14       │ (None, 64, 64,    │          0 │ batch_normalizat… │
│ (Activation)        │ 512)              │            │                   │
├─────────────────────┼───────────────────┼────────────┼───────────────────┤
│ conv2d_transpose_1  │ (None, 128, 128,  │  1,179,904 │ activation_14[0]… │
│ (Conv2DTranspose)   │ 256)              │            │                   │
├─────────────────────┼───────────────────┼────────────┼───────────────────┤
│ batch_normalizatio… │ (None, 128, 128,  │      1,024 │ conv2d_transpose… │
│ (BatchNormalizatio… │ 256)              │            │                   │
├─────────────────────┼───────────────────┼────────────┼───────────────────┤
│ activation_15       │ (None, 128, 128,  │          0 │ batch_normalizat… │
│ (Activation)        │ 256)              │            │                   │
├─────────────────────┼───────────────────┼────────────┼───────────────────┤
│ concatenate_1       │ (None, 128, 128,  │          0 │ activation_15[0]… │
│ (Concatenate)       │ 512)              │            │ activation_7[0][… │
├─────────────────────┼───────────────────┼────────────┼───────────────────┤
│ conv2d_14 (Conv2D)  │ (None, 128, 128,  │  1,179,904 │ concatenate_1[0]… │
│                     │ 256)              │            │                   │
├─────────────────────┼───────────────────┼────────────┼───────────────────┤
│ batch_normalizatio… │ (None, 128, 128,  │      1,024 │ conv2d_14[0][0]   │
│ (BatchNormalizatio… │ 256)              │            │                   │
├─────────────────────┼───────────────────┼────────────┼───────────────────┤
│ activation_16       │ (None, 128, 128,  │          0 │ batch_normalizat… │
│ (Activation)        │ 256)              │            │                   │
├─────────────────────┼───────────────────┼────────────┼───────────────────┤
│ conv2d_15 (Conv2D)  │ (None, 128, 128,  │    590,080 │ activation_16[0]… │
│                     │ 256)              │            │                   │
├─────────────────────┼───────────────────┼────────────┼───────────────────┤
│ batch_normalizatio… │ (None, 128, 128,  │      1,024 │ conv2d_15[0][0]   │
│ (BatchNormalizatio… │ 256)              │            │                   │
├─────────────────────┼───────────────────┼────────────┼───────────────────┤
│ activation_17       │ (None, 128, 128,  │          0 │ batch_normalizat… │
│ (Activation)        │ 256)              │            │                   │
├─────────────────────┼───────────────────┼────────────┼───────────────────┤
│ conv2d_transpose_2  │ (None, 256, 256,  │    295,040 │ activation_17[0]… │
│ (Conv2DTranspose)   │ 128)              │            │                   │
├─────────────────────┼───────────────────┼────────────┼───────────────────┤
│ batch_normalizatio… │ (None, 256, 256,  │        512 │ conv2d_transpose… │
│ (BatchNormalizatio… │ 128)              │            │                   │
├─────────────────────┼───────────────────┼────────────┼───────────────────┤
│ activation_18       │ (None, 256, 256,  │          0 │ batch_normalizat… │
│ (Activation)        │ 128)              │            │                   │
├─────────────────────┼───────────────────┼────────────┼───────────────────┤
│ concatenate_2       │ (None, 256, 256,  │          0 │ activation_18[0]… │
│ (Concatenate)       │ 256)              │            │ activation_5[0][… │
├─────────────────────┼───────────────────┼────────────┼───────────────────┤
│ conv2d_16 (Conv2D)  │ (None, 256, 256,  │    295,040 │ concatenate_2[0]… │
│                     │ 128)              │            │                   │
├─────────────────────┼───────────────────┼────────────┼───────────────────┤
│ batch_normalizatio… │ (None, 256, 256,  │        512 │ conv2d_16[0][0]   │
│ (BatchNormalizatio… │ 128)              │            │                   │
├─────────────────────┼───────────────────┼────────────┼───────────────────┤
│ activation_19       │ (None, 256, 256,  │          0 │ batch_normalizat… │
│ (Activation)        │ 128)              │            │                   │
├─────────────────────┼───────────────────┼────────────┼───────────────────┤
│ conv2d_17 (Conv2D)  │ (None, 256, 256,  │    147,584 │ activation_19[0]… │
│                     │ 128)              │            │                   │
├─────────────────────┼───────────────────┼────────────┼───────────────────┤
│ batch_normalizatio… │ (None, 256, 256,  │        512 │ conv2d_17[0][0]   │
│ (BatchNormalizatio… │ 128)              │            │                   │
├─────────────────────┼───────────────────┼────────────┼───────────────────┤
│ activation_20       │ (None, 256, 256,  │          0 │ batch_normalizat… │
│ (Activation)        │ 128)              │            │                   │
├─────────────────────┼───────────────────┼────────────┼───────────────────┤
│ conv2d_transpose_3  │ (None, 512, 512,  │     73,792 │ activation_20[0]… │
│ (Conv2DTranspose)   │ 64)               │            │                   │
├─────────────────────┼───────────────────┼────────────┼───────────────────┤
│ batch_normalizatio… │ (None, 512, 512,  │        256 │ conv2d_transpose… │
│ (BatchNormalizatio… │ 64)               │            │                   │
├─────────────────────┼───────────────────┼────────────┼───────────────────┤
│ activation_21       │ (None, 512, 512,  │          0 │ batch_normalizat… │
│ (Activation)        │ 64)               │            │                   │
├─────────────────────┼───────────────────┼────────────┼───────────────────┤
│ concatenate_3       │ (None, 512, 512,  │          0 │ activation_21[0]… │
│ (Concatenate)       │ 128)              │            │ activation_3[0][… │
├─────────────────────┼───────────────────┼────────────┼───────────────────┤
│ conv2d_18 (Conv2D)  │ (None, 512, 512,  │     73,792 │ concatenate_3[0]… │
│                     │ 64)               │            │                   │
├─────────────────────┼───────────────────┼────────────┼───────────────────┤
│ batch_normalizatio… │ (None, 512, 512,  │        256 │ conv2d_18[0][0]   │
│ (BatchNormalizatio… │ 64)               │            │                   │
├─────────────────────┼───────────────────┼────────────┼───────────────────┤
│ activation_22       │ (None, 512, 512,  │          0 │ batch_normalizat… │
│ (Activation)        │ 64)               │            │                   │
├─────────────────────┼───────────────────┼────────────┼───────────────────┤
│ conv2d_19 (Conv2D)  │ (None, 512, 512,  │     36,928 │ activation_22[0]… │
│                     │ 64)               │            │                   │
├─────────────────────┼───────────────────┼────────────┼───────────────────┤
│ batch_normalizatio… │ (None, 512, 512,  │        256 │ conv2d_19[0][0]   │
│ (BatchNormalizatio… │ 64)               │            │                   │
├─────────────────────┼───────────────────┼────────────┼───────────────────┤
│ activation_23       │ (None, 512, 512,  │          0 │ batch_normalizat… │
│ (Activation)        │ 64)               │            │                   │
├─────────────────────┼───────────────────┼────────────┼───────────────────┤
│ conv2d_20 (Conv2D)  │ (None, 512, 512,  │         65 │ activation_23[0]… │
│                     │ 1)                │            │                   │
├─────────────────────┼───────────────────┼────────────┼───────────────────┤
│ add (Add)           │ (None, 512, 512,  │          0 │ conv2d_20[0][0],  │
│                     │ 1)                │            │ input_layer[0][0] │
├─────────────────────┼───────────────────┼────────────┼───────────────────┤
│ activation_24       │ (None, 512, 512,  │          0 │ add[0][0]         │
│ (Activation)        │ 1)                │            │                   │
└─────────────────────┴───────────────────┴────────────┴───────────────────┘
2026-03-16 17:08:42,085 | INFO | Total params: 34,613,953 (132.04 MB)
2026-03-16 17:08:42,086 | INFO | Trainable params: 34,600,001 (131.99 MB)
2026-03-16 17:08:42,086 | INFO | Non-trainable params: 13,952 (54.50 KB)
2026-03-16 17:08:42,086 | INFO | TensorFlow version: 2.19.0
2026-03-16 17:08:42,086 | INFO | GPUs available: [PhysicalDevice(name='/physical_device:GPU:0', device_type='GPU')]
2026-03-16 17:08:42,086 | INFO | Train images: 1200
2026-03-16 17:08:42,086 | INFO | Test images: 50
2026-03-16 17:08:42,086 | INFO | Projections: [15]
2026-03-16 17:08:42,087 | INFO | Getting dataset...
2026-03-16 17:08:52,487 | INFO | TRAIN dataset size:
2026-03-16 17:08:52,488 | INFO | 1200
2026-03-16 17:08:52,488 | INFO | TEST dataset size:
2026-03-16 17:08:52,488 | INFO | 50
2026-03-16 17:08:52,488 | INFO | Compiling...
2026-03-16 17:08:52,506 | INFO | Fitting model...
2026-03-16 17:08:52,506 | INFO | Epochs:
2026-03-16 17:08:52,506 | INFO | 100
2026-03-16 17:08:52,507 | INFO | Batch size:
2026-03-16 17:08:52,507 | INFO | 8
2026-03-16 17:08:52,507 | INFO | Validation split:
2026-03-16 17:08:52,507 | INFO | 0.166
2026-03-16 17:08:52,507 | INFO | Creating checkpoints...
2026-03-16 17:08:56,637 | INFO | Epoch 1/100
